GROUP,PACKAGE,CLASS,INSTRUCTION_MISSED,INSTRUCTION_COVERED,BRANCH_MISSED,BRANCH_COVERED,LINE_MISSED,LINE_COVERED,COMPLEXITY_MISSED,COMPLEXITY_COVERED,METHOD_MISSED,METHOD_COVERED
backend,trinity.play2learn.backend.profile.ranking.services.RankingByActivitiesStrategies,RankingByActivitiesSubjectService,76,0,10,0,14,0,6,0,1,0
backend,trinity.play2learn.backend.profile.ranking.services.RankingByActivitiesStrategies,RankingByActivitiesCourseService,57,0,6,0,10,0,4,0,1,0
backend,trinity.play2learn.backend.profile.ranking.services.RankingByActivitiesStrategies,RankingByActivitiesInstitutionService,48,0,6,0,9,0,4,0,1,0
backend,trinity.play2learn.backend.activity.arbolDeDecision.controllers,ArbolDeDecisionGenerateController,0,9,0,0,0,1,0,1,0,1
backend,trinity.play2learn.backend.admin.student.services,StudentGetService,0,6,0,0,0,1,0,1,0,1
backend,trinity.play2learn.backend.admin.student.services,StudentDeleteService,0,13,0,0,0,4,0,1,0,1
backend,trinity.play2learn.backend.admin.student.services,StudentRegisterService,0,60,0,0,0,16,0,1,0,1
backend,trinity.play2learn.backend.admin.student.services,StudentUpdateService,0,57,0,6,0,11,0,4,0,1
backend,trinity.play2learn.backend.admin.student.services,StudentRestoreService,0,14,0,0,0,3,0,1,0,1
backend,trinity.play2learn.backend.admin.student.services,StudentListPaginatedService,0,62,3,9,0,10,3,4,0,1
backend,trinity.play2learn.backend.admin.student.services,StudentGetSubjectsService,14,0,0,0,3,0,1,0,1,0
backend,trinity.play2learn.backend.admin.student.services,StudentsListServices,0,6,0,0,0,1,0,1,0,1
backend,trinity.play2learn.backend.activity.clasificacion.services,ClasificacionActivityGenerateService,0,58,0,2,0,10,0,2,0,1
backend,trinity.play2learn.backend.economy.wallet.services,WalletRemoveAmountService,0,27,0,2,0,4,0,2,0,1
backend,trinity.play2learn.backend.economy.wallet.services,WalletAddAmountService,0,25,0,2,0,4,0,2,0,1
backend,trinity.play2learn.backend.economy.wallet.services,WalletRestartService,37,0,2,0,7,0,2,0,1,0
backend,trinity.play2learn.backend.economy.wallet.services,WalletUpdateInvestedBalanceService,0,12,0,0,0,3,0,1,0,1
backend,trinity.play2learn.backend.economy.wallet.services,WalletGetLastTransactionsService,0,15,0,0,0,3,0,1,0,1
backend,trinity.play2learn.backend.economy.wallet.services,WalletGetService,0,18,0,0,0,3,0,1,0,1
backend,trinity.play2learn.backend.activity.ahorcado.services,AhorcadoGenerateService,0,50,0,2,0,8,0,2,0,1
backend,trinity.play2learn.backend.admin.course.services.commons,CourseExistByYearService,0,6,0,0,0,1,0,1,0,1
backend,trinity.play2learn.backend.admin.course.services.commons,CourseExistByService,0,30,0,2,0,7,0,5,0,4
backend,trinity.play2learn.backend.admin.course.services.commons,CourseGetByIdService,0,17,0,0,0,4,0,2,0,2
backend,trinity.play2learn.backend.activity.activity.services,ActivityAddBalanceService,0,15,0,0,0,3,0,1,0,1
backend,trinity.play2learn.backend.activity.activity.services,ActivityRemoveBalanceService,0,15,0,0,0,3,0,1,0,1
backend,trinity.play2learn.backend.economy.wallet.services.commons,WalletGetRankingByStudentsService,5,0,0,0,1,0,1,0,1,0
backend,trinity.play2learn.backend.economy.wallet.services.commons,WalletGetPositionRankingService,5,0,0,0,1,0,1,0,1,0
backend,trinity.play2learn.backend.economy.wallet.services.commons,WalletGetTotalRankingService,4,0,0,0,1,0,1,0,1,0
backend,trinity.play2learn.backend.economy.wallet.services.commons,WalletGetPositionRankingByStudentsService,6,0,0,0,1,0,1,0,1,0
backend,trinity.play2learn.backend.activity.activity.services.commons.activityStatistics,ActivityAverageCompletionTimeService,21,0,2,0,6,0,3,0,2,0
backend,trinity.play2learn.backend.activity.activity.services.commons.activityStatistics,ActivityStudentsAttemptedCountService,17,0,0,0,2,0,2,0,2,0
backend,trinity.play2learn.backend.activity.activity.services.commons.activityStatistics,ActivityStudentsApprovedCountService,6,0,0,0,1,0,1,0,1,0
backend,trinity.play2learn.backend.activity.completarOracion.controllers,CompletarOracionGenerateController,0,9,0,0,0,3,0,1,0,1
backend,trinity.play2learn.backend.profile.ranking.controllers,RankingByActivitiesController,10,0,0,0,3,0,1,0,1,0
backend,trinity.play2learn.backend.profile.ranking.controllers,RankingByCoinsController,10,0,0,0,3,0,1,0,1,0
backend,trinity.play2learn.backend.activity.preguntados.services,PreguntadosGenerateService,0,60,0,2,0,9,0,3,0,2
backend,trinity.play2learn.backend.investment.savingAccount.services.commons,SavingAccountCalculateAmountInvestedService,0,27,0,2,0,5,0,2,0,1
backend,trinity.play2learn.backend.investment.savingAccount.services.commons,SavingAccountFindByIdService,0,13,0,0,0,2,0,2,0,2
backend,trinity.play2learn.backend.investment.savingAccount.services.commons,SavingAccountExistsByNameAndWalletService,0,6,0,0,0,1,0,1,0,1
backend,trinity.play2learn.backend.activity.clasificacion.services.commons,ClasificacionValidateCategoriesNamesService,13,0,0,0,3,0,1,0,1,0
backend,trinity.play2learn.backend.activity.clasificacion.services.commons,ClasificacionValidateConceptsNamesService,22,0,0,0,8,0,3,0,3,0
backend,trinity.play2learn.backend.activity.clasificacion.services.commons,ValidateStringListService,22,0,2,0,8,0,2,0,1,0
backend,trinity.play2learn.backend.activity.activity.services.commons.ranking,ActivityGetPositionRankingByStudentsService,179,0,26,0,25,0,14,0,1,0
backend,trinity.play2learn.backend.activity.activity.services.commons.ranking,ActivityGetPositionRankingService,178,0,26,0,25,0,14,0,1,0
backend,trinity.play2learn.backend.activity.activity.services.commons.ranking,ActivityGetTotalRankingService,13,0,0,0,2,0,1,0,1,0
backend,trinity.play2learn.backend.activity.activity.services.commons.ranking,ActivityGetRankingByStudentsService,14,0,0,0,2,0,1,0,1,0
backend,trinity.play2learn.backend.statistics.investment.services,FixedTermDepositStatisticsService,42,0,0,0,10,0,1,0,1,0
backend,trinity.play2learn.backend.statistics.investment.services,SavingAccountStatisticsService,73,0,8,0,11,0,5,0,1,0
backend,trinity.play2learn.backend.investment.fixedTermDeposit.services.commons,FixedTermDepositFindAllByStateService,0,5,0,0,0,1,0,1,0,1
backend,trinity.play2learn.backend.investment.fixedTermDeposit.services.commons,FixedTermDepositCalculateAmountInvestedService,13,15,1,1,2,3,1,1,0,1
backend,trinity.play2learn.backend.investment.fixedTermDeposit.services.commons,FixedTermDepositFindAllByStateAndWalletService,0,6,0,0,0,1,0,1,0,1
backend,trinity.play2learn.backend.investment.fixedTermDeposit.services.commons,FixedTermDepositCalculateRewardAmountService,0,14,0,0,0,2,0,1,0,1
backend,trinity.play2learn.backend.admin.teacher.services,TeacherListService,0,6,0,0,0,1,0,1,0,1
backend,trinity.play2learn.backend.admin.teacher.services,TeacherRegisterService,0,25,0,0,0,4,0,1,0,1
backend,trinity.play2learn.backend.admin.teacher.services,TeacherRestoreService,0,14,0,0,0,3,0,1,0,1
backend,trinity.play2learn.backend.admin.teacher.services,TeacherUpdateService,0,24,0,0,0,4,0,1,0,1
backend,trinity.play2learn.backend.admin.teacher.services,TeacherDeleteService,0,17,0,0,0,5,0,1,0,1
backend,trinity.play2learn.backend.admin.teacher.services,TeacherGetService,0,6,0,0,0,1,0,1,0,1
backend,trinity.play2learn.backend.admin.teacher.services,TeacherGetSubjectsService,30,0,0,0,5,0,1,0,1,0
backend,trinity.play2learn.backend.admin.teacher.services,TeacherListPaginatedService,0,62,3,9,0,10,3,4,0,1
backend,trinity.play2learn.backend.investment.savingAccount.controllers,SavingAccountWithdrawalController,9,0,0,0,3,0,1,0,1,0
backend,trinity.play2learn.backend.investment.savingAccount.controllers,SavingAccountDeleteController,9,0,0,0,3,0,1,0,1,0
backend,trinity.play2learn.backend.investment.savingAccount.controllers,SavingAccountRegisterController,9,0,0,0,3,0,1,0,1,0
backend,trinity.play2learn.backend.investment.savingAccount.controllers,SavingAccountDepositController,9,0,0,0,3,0,1,0,1,0
backend,trinity.play2learn.backend.investment.savingAccount.controllers,SavingAccountListPaginatedController,14,0,0,0,3,0,1,0,1,0
backend,trinity.play2learn.backend.admin.course.controllers,CourseDeleteController,8,0,0,0,3,0,1,0,1,0
backend,trinity.play2learn.backend.admin.course.controllers,CourseListController,6,0,0,0,3,0,1,0,1,0
backend,trinity.play2learn.backend.admin.course.controllers,CourseListPaginatedController,13,0,0,0,2,0,1,0,1,0
backend,trinity.play2learn.backend.admin.course.controllers,CourseGetController,7,0,0,0,3,0,1,0,1,0
backend,trinity.play2learn.backend.admin.course.controllers,CourseRegisterController,8,0,0,0,3,0,1,0,1,0
backend,trinity.play2learn.backend.admin.course.controllers,CourseUpdateController,9,0,0,0,3,0,1,0,1,0
backend,trinity.play2learn.backend.profile.avatar.services,AspectListPaginatedService,107,0,16,0,19,0,9,0,1,0
backend,trinity.play2learn.backend.profile.avatar.services,AspectListService,5,0,0,0,1,0,1,0,1,0
backend,trinity.play2learn.backend.profile.avatar.services,AspectRegisterService,29,0,2,0,5,0,2,0,1,0
backend,trinity.play2learn.backend.activity.noLudica.services,NoLudicaGenerateService,0,50,0,2,0,8,0,2,0,1
backend,trinity.play2learn.backend.admin.teacher.services.commons,TeacherGetByEmailService,0,16,0,0,0,2,0,2,0,2
backend,trinity.play2learn.backend.admin.teacher.services.commons,TeacherGetByIdService,0,34,0,0,0,6,0,4,0,4
backend,trinity.play2learn.backend.admin.teacher.services.commons,TeacherExistsByDniService,0,29,0,4,0,8,0,4,0,2
backend,trinity.play2learn.backend.notification.controllers,GetUserNotificationController,7,0,0,0,2,0,1,0,1,0
backend,trinity.play2learn.backend.notification.controllers,NotificationMarkAsReadController,9,0,0,0,3,0,1,0,1,0
backend,trinity.play2learn.backend.notification.controllers,DevGenerateTestNotificationController,8,0,0,0,3,0,1,0,1,0
backend,trinity.play2learn.backend.benefits.services.benefitStateFilterStrategy,BenefitPurchasedFilterService,22,0,0,0,5,0,3,0,3,0
backend,trinity.play2learn.backend.benefits.services.benefitStateFilterStrategy,BenefitAvailableFilterService,41,0,4,0,6,0,6,0,4,0
backend,trinity.play2learn.backend.benefits.services.benefitStateFilterStrategy,BenefitUseRequestedFilterService,22,0,0,0,5,0,3,0,3,0
backend,trinity.play2learn.backend.benefits.services.benefitStateFilterStrategy,BenefitExpiredFilterService,9,0,0,0,4,0,2,0,2,0
backend,trinity.play2learn.backend.user.services.jwt,RefreshTokenService,42,0,2,0,13,0,2,0,1,0
backend,trinity.play2learn.backend.user.services.jwt,JwtService,138,0,4,0,34,0,17,0,15,0
backend,trinity.play2learn.backend.activity.activity.services.commons,ActivityGetCompletedStateService,16,0,2,0,4,0,2,0,1,0
backend,trinity.play2learn.backend.activity.activity.services.commons,ActivityGetLast5RealizationsService,59,0,4,0,12,0,3,0,1,0
backend,trinity.play2learn.backend.activity.activity.services.commons,ActivityGetRemainingAttemptsService,18,0,2,0,4,0,2,0,1,0
backend,trinity.play2learn.backend.activity.activity.services.commons,ActivityCreateApprovedDtosService,44,0,6,0,11,0,4,0,1,0
backend,trinity.play2learn.backend.activity.activity.services.commons,ActivityGetCompletedByIdService,15,0,0,0,2,0,2,0,2,0
backend,trinity.play2learn.backend.activity.activity.services.commons,ActivityCompletedGetLastStartedService,13,0,0,0,2,0,2,0,2,0
backend,trinity.play2learn.backend.activity.activity.services.commons,ActivityGetStatusService,16,0,4,0,5,0,3,0,1,0
backend,trinity.play2learn.backend.activity.activity.services.commons,ActivityGetLastCompletedService,9,0,0,0,1,0,1,0,1,0
backend,trinity.play2learn.backend.activity.activity.services.commons,ActivityGetByStudentService,12,0,0,0,3,0,1,0,1,0
backend,trinity.play2learn.backend.activity.activity.services.commons,ActivityCreateNotApprovedDtosService,60,0,2,0,11,0,2,0,1,0
backend,trinity.play2learn.backend.activity.activity.services.commons,ActivityCreateTeacherSimpleDtosService,38,0,4,0,7,0,3,0,1,0
backend,trinity.play2learn.backend.activity.activity.services.commons,ActivityDidAllStudentsApproveService,17,0,2,0,3,0,2,0,1,0
backend,trinity.play2learn.backend.activity.activity.services.commons,ActivityGetByIdService,15,0,0,0,2,0,2,0,2,0
backend,trinity.play2learn.backend.activity.activity.services.commons,ActivityIsBeingDoneService,9,0,0,0,2,0,1,0,1,0
backend,trinity.play2learn.backend.activity.activity.services.commons,ActivityCreateStudentGetDtosService,83,0,8,0,19,0,6,0,2,0
backend,trinity.play2learn.backend.activity.activity.services.commons,ActivityValidatePublishedStatusService,18,0,4,0,4,0,3,0,1,0
backend,trinity.play2learn.backend.activity.activity.services.commons,ActivityCalculateTotalRealizationsService,5,0,0,0,1,0,1,0,1,0
backend,trinity.play2learn.backend.activity.clasificacion.controllers,ClasificacionActivityGenerateController,0,9,0,0,0,3,0,1,0,1
backend,trinity.play2learn.backend.economy.transaction.services,TransactionGenerateService,0,42,0,4,0,7,0,3,0,1
backend,trinity.play2learn.backend.economy.transaction.services,TransactionListStatisticsService,0,258,5,17,0,53,5,7,0,1
backend,trinity.play2learn.backend.activity.activity.dtos.activityCreated,ActivityRequestDto,1,15,1,5,0,1,1,3,0,1
backend,trinity.play2learn.backend.activity.ordenarSecuencia.controllers,OrdenarSecuenciaGenerateController,13,9,0,0,4,3,0,1,0,1
backend,trinity.play2learn.backend.profile.avatar.services.commons,AspectExistByName,5,0,0,0,1,0,1,0,1,0
backend,trinity.play2learn.backend.profile.avatar.services.commons,AspectGetByIdService,17,0,0,0,2,0,2,0,2,0
backend,trinity.play2learn.backend.statistics.home.services.commons,StatisticsTotalCoursesByTeacherService,8,0,0,0,4,0,1,0,1,0
backend,trinity.play2learn.backend.statistics.home.services.commons,StatisticsTotalStudentsByTeacherService,14,0,0,0,5,0,2,0,2,0
backend,trinity.play2learn.backend.benefits.services,BenefitListPurchasesPaginatedService,33,82,8,8,2,19,6,4,1,1
backend,trinity.play2learn.backend.benefits.services,BenefitListByTeacherService,0,12,0,0,0,2,0,1,0,1
backend,trinity.play2learn.backend.benefits.services,BenefitListByTeacherPaginatedService,9,80,3,9,0,13,4,4,1,1
backend,trinity.play2learn.backend.benefits.services,BenefitListUsedByStudentService,0,13,0,0,0,2,0,1,0,1
backend,trinity.play2learn.backend.benefits.services,BenefitGenerateService,12,28,0,2,2,5,0,2,0,1
backend,trinity.play2learn.backend.benefits.services,BenefitListPurchasesService,0,30,0,2,0,6,0,2,0,1
backend,trinity.play2learn.backend.benefits.services,BenefitListUseRequestedPaginatedService,45,54,8,4,2,12,7,2,2,1
backend,trinity.play2learn.backend.benefits.services,BenefitAcceptUseService,0,75,0,8,0,16,0,5,0,1
backend,trinity.play2learn.backend.benefits.services,BenefitListUsedByStudentPaginatedService,41,50,8,4,2,11,7,2,2,1
backend,trinity.play2learn.backend.benefits.services,BenefitListUseRequestedService,0,46,0,6,0,10,0,4,0,1
backend,trinity.play2learn.backend.benefits.services,BenefitPurchaseService,0,111,0,8,0,21,0,5,0,1
backend,trinity.play2learn.backend.benefits.services,BenefitListByStudentPaginatedService,12,112,4,12,1,25,5,5,1,1
backend,trinity.play2learn.backend.benefits.services,BenefitDeleteService,0,76,0,8,0,15,0,5,0,1
backend,trinity.play2learn.backend.benefits.services,BenefitRequestUseService,0,71,0,6,0,14,0,4,0,1
backend,trinity.play2learn.backend.benefits.services,BenefitStudentCountService,0,122,5,13,0,24,5,6,0,2
backend,trinity.play2learn.backend.activity.memorama.dtos,ValidateMemoramaDto,24,15,1,1,5,5,3,1,2,1
backend,trinity.play2learn.backend.economy.reserve.services,ReserveModifyService,0,107,0,8,0,16,0,6,0,2
backend,trinity.play2learn.backend.economy.reserve.services,ReserveCreateNewService,11,0,0,0,2,0,1,0,1,0
backend,trinity.play2learn.backend.economy.transaction.services.strategyTransaction,CompraTransactionService,0,50,0,2,0,8,0,2,0,1
backend,trinity.play2learn.backend.economy.transaction.services.strategyTransaction,RecompensaTransactionService,0,47,0,2,0,8,0,2,0,1
backend,trinity.play2learn.backend.economy.transaction.services.strategyTransaction,DepositSavingAccountTransactionService,0,58,0,4,0,10,0,3,0,1
backend,trinity.play2learn.backend.economy.transaction.services.strategyTransaction,ReinicioWalletTransactionService,38,0,0,0,6,0,1,0,1,0
backend,trinity.play2learn.backend.economy.transaction.services.strategyTransaction,ReembolsoTransactionService,0,38,0,0,0,6,0,1,0,1
backend,trinity.play2learn.backend.economy.transaction.services.strategyTransaction,FixedTermDepositTransactionService,0,89,0,4,0,15,0,3,0,1
backend,trinity.play2learn.backend.economy.transaction.services.strategyTransaction,AsignacionTransactionService,0,76,0,4,0,11,0,3,0,1
backend,trinity.play2learn.backend.economy.transaction.services.strategyTransaction,WithdrawalSavingAccountTransactionService,0,58,0,4,0,10,0,3,0,1
backend,trinity.play2learn.backend.economy.transaction.services.strategyTransaction,ActividadTransactionService,5,54,1,3,1,8,1,2,0,1
backend,trinity.play2learn.backend.economy.transaction.services.strategyTransaction,StockTransactionService,0,89,0,4,0,15,0,3,0,1
backend,trinity.play2learn.backend.economy.transaction.services.strategyTransaction,InversionTransactionService,0,5,0,0,0,1,0,1,0,1
backend,trinity.play2learn.backend.notification.services.commons,NotificationCreateSingleWithTitleService,9,0,0,0,2,0,1,0,1,0
backend,trinity.play2learn.backend.notification.services.commons,NotificationCreateByUsersService,15,0,0,0,4,0,2,0,2,0
backend,trinity.play2learn.backend.notification.services.commons,NotificationGetByIdService,13,0,0,0,1,0,2,0,2,0
backend,trinity.play2learn.backend.activity.preguntados.controllers,PreguntadosGenerateController,0,9,0,0,0,3,0,1,0,1
backend,trinity.play2learn.backend.economy.reserve.services.commons,ReserveFindLastService,0,14,0,0,0,2,0,2,0,2
backend,trinity.play2learn.backend.economy.transaction.services.commons,TransactionGetLastTransactionsService,0,5,0,0,0,1,0,1,0,1
backend,trinity.play2learn.backend.statistics.investment.controllers,SavingAccountstatisticsController,7,0,0,0,3,0,1,0,1,0
backend,trinity.play2learn.backend.statistics.investment.controllers,FixedTermDepositStatisticsController,7,0,0,0,3,0,1,0,1,0
backend,trinity.play2learn.backend.activity.activity.controllers,ActivityCompletedListPendingController,21,0,0,0,4,0,2,0,2,0
backend,trinity.play2learn.backend.activity.activity.controllers,ActivityListByStudentController,0,14,0,0,0,4,0,2,0,2
backend,trinity.play2learn.backend.activity.activity.controllers,ActivityCompletedController,0,20,0,0,0,6,0,2,0,2
backend,trinity.play2learn.backend.activity.activity.controllers,ActivityListPaginatedByStudentController,0,28,0,0,0,6,0,2,0,2
backend,trinity.play2learn.backend.activity.activity.controllers,ActivityListPendingPaginatedController,14,0,0,0,3,0,1,0,1,0
backend,trinity.play2learn.backend.activity.activity.controllers,ActivityGetNoLudicaAttemptController,8,0,0,0,1,0,1,0,1,0
backend,trinity.play2learn.backend.activity.activity.controllers,ActivityGetController,0,7,0,0,0,1,0,1,0,1
backend,trinity.play2learn.backend.activity.activity.controllers,ActivityStartedController,0,9,0,0,0,3,0,1,0,1
backend,trinity.play2learn.backend.activity.activity.controllers,ActivityGetStudentResultsController,8,0,0,0,1,0,1,0,1,0
backend,trinity.play2learn.backend.activity.activity.controllers,ActivityListByTeacherPaginatedController,0,14,0,0,0,3,0,1,0,1
backend,trinity.play2learn.backend.activity.activity.controllers,ActivityCountByStudentStateController,0,7,0,0,0,1,0,1,0,1
backend,trinity.play2learn.backend.activity.activity.controllers,ActivityReviewNoLudicaController,9,0,0,0,3,0,1,0,1,0
backend,trinity.play2learn.backend.activity.activity.controllers,ActivityTeacherGetByIdController,8,0,0,0,1,0,1,0,1,0
backend,trinity.play2learn.backend.activity.activity.controllers,ActivityGetReviewController,8,0,0,0,3,0,1,0,1,0
backend,trinity.play2learn.backend.economy.wallet.controllers,WalletAmountAssingController,32,0,0,0,6,0,1,0,1,0
backend,trinity.play2learn.backend.economy.wallet.controllers,WalletGetController,7,0,0,0,3,0,1,0,1,0
backend,trinity.play2learn.backend.economy.wallet.controllers,WalletGetLastTransactionsController,7,0,0,0,3,0,1,0,1,0
backend,trinity.play2learn.backend.economy.wallet.controllers,WalletRestartController,7,0,0,0,2,0,1,0,1,0
backend,trinity.play2learn.backend.investment.savingAccount.services,SavingAccountRegisterService,11,59,0,4,2,9,0,3,0,1
backend,trinity.play2learn.backend.investment.savingAccount.services,SavingAccountListPaginatedService,0,62,2,6,0,9,2,3,0,1
backend,trinity.play2learn.backend.investment.savingAccount.services,SavingAccountDepositService,0,73,0,4,0,13,0,3,0,1
backend,trinity.play2learn.backend.investment.savingAccount.services,SavingAccountDeleteService,0,62,0,4,0,12,0,3,0,1
backend,trinity.play2learn.backend.investment.savingAccount.services,SavingAccountUpdateService,2,62,1,5,0,11,1,3,0,1
backend,trinity.play2learn.backend.investment.savingAccount.services,SavingAccountWithdrawalService,0,74,0,4,0,12,0,3,0,1
backend,trinity.play2learn.backend.statistics.home.services,StatisticsHomeTeacherService,147,0,2,0,34,0,7,0,6,0
backend,trinity.play2learn.backend.statistics.home.services,StatisticsHomeStudentService,41,0,0,0,7,0,1,0,1,0
backend,trinity.play2learn.backend.statistics.home.services,StatisticsHomeAdminService,30,0,0,0,9,0,1,0,1,0
backend,trinity.play2learn.backend.activity.arbolDeDecision.services,ArbolDecisionGenerateService,0,50,0,2,0,8,0,2,0,1
backend,trinity.play2learn.backend.activity.arbolDeDecision.dtos.request,DecisionArbolDecisionRequestDto,0,24,0,8,0,6,0,6,0,2
backend,trinity.play2learn.backend.activity.preguntados.services.commons,PreguntadosValidateCorrectOptionService,21,0,2,0,4,0,3,0,2,0
backend,trinity.play2learn.backend.profile.avatar.controllers,AspectRegisterController,19,0,0,0,5,0,1,0,1,0
backend,trinity.play2learn.backend.profile.avatar.controllers,AspectListPaginatedController,14,0,0,0,3,0,1,0,1,0
backend,trinity.play2learn.backend.profile.avatar.controllers,AspectListController,6,0,0,0,1,0,1,0,1,0
backend,trinity.play2learn.backend.activity.activity.services.commons.filter,ActivityFilterApprovedService,19,0,2,0,4,0,3,0,2,0
backend,trinity.play2learn.backend.activity.activity.services.commons.filter,ActivityFilterByDisapprovedService,43,0,10,0,9,0,7,0,2,0
backend,trinity.play2learn.backend.activity.activity.services.commons.filter,ActivityFilterNotApprovedService,24,0,4,0,6,0,4,0,2,0
backend,trinity.play2learn.backend.investment.stock.controllers,StockGetController,8,0,0,0,3,0,1,0,1,0
backend,trinity.play2learn.backend.investment.stock.controllers,StockRegisterStopController,9,0,0,0,3,0,1,0,1,0
backend,trinity.play2learn.backend.investment.stock.controllers,StockBuyController,9,0,0,0,3,0,1,0,1,0
backend,trinity.play2learn.backend.investment.stock.controllers,StockHistoryListByStockController,7,0,0,0,3,0,1,0,1,0
backend,trinity.play2learn.backend.investment.stock.controllers,StockListPaginatedController,13,0,0,0,3,0,1,0,1,0
backend,trinity.play2learn.backend.investment.stock.controllers,StockCandleStickGetController,8,0,0,0,3,0,1,0,1,0
backend,trinity.play2learn.backend.investment.stock.controllers,StockSellController,9,0,0,0,3,0,1,0,1,0
backend,trinity.play2learn.backend.investment.stock.controllers,StockRegisterController,8,0,0,0,3,0,1,0,1,0
backend,trinity.play2learn.backend.investment.stock.controllers,StockListController,6,0,0,0,3,0,1,0,1,0
backend,trinity.play2learn.backend.economy.transaction.controllers,TransactionStatisticsController,6,0,0,0,3,0,1,0,1,0
backend,trinity.play2learn.backend.user.services.login,UserLoginService,46,0,3,0,10,0,3,0,1,0
backend,trinity.play2learn.backend.student.services,StudentGetByTokenService,9,0,0,0,2,0,1,0,1,0
backend,trinity.play2learn.backend.activity.activity.services.strategyActivty,ActivityDisapprovedStrategyService,51,0,2,0,10,0,2,0,1,0
backend,trinity.play2learn.backend.activity.activity.services.strategyActivty,ActivityPendingStrategyService,37,0,0,0,8,0,1,0,1,0
backend,trinity.play2learn.backend.activity.activity.services.strategyActivty,ActivityApprovedStrategyService,94,0,4,0,20,0,3,0,1,0
backend,trinity.play2learn.backend.profile.ranking.services.RankingByCoinsStrategies,RankingByCoinsSubjectService,45,0,4,0,11,0,3,0,1,0
backend,trinity.play2learn.backend.profile.ranking.services.RankingByCoinsStrategies,RankingByCoinsCourseService,26,0,0,0,7,0,1,0,1,0
backend,trinity.play2learn.backend.profile.ranking.services.RankingByCoinsStrategies,RankingByCoinsInstitutionService,17,0,0,0,6,0,1,0,1,0
backend,trinity.play2learn.backend.investment.investment.services,InvestemtCalculateTotalInvestedService,0,25,0,0,0,4,0,1,0,1
backend,trinity.play2learn.backend.activity.activity.dtos.activityCompleted,ActivityReviewNoLudicaRequestDto,12,0,4,0,1,0,3,0,1,0
backend,trinity.play2learn.backend.benefits.services.commons,BenefitGetByIdService,0,13,0,0,0,2,0,2,0,2
backend,trinity.play2learn.backend.benefits.services.commons,BenefitGetByStudentService,0,12,0,0,0,3,0,1,0,1
backend,trinity.play2learn.backend.benefits.services.commons,BenefitGetLastPurchaseService,0,6,0,0,0,1,0,1,0,1
backend,trinity.play2learn.backend.benefits.services.commons,BenefitValidateIfPurchasedByStudentService,0,19,0,2,0,6,0,3,0,2
backend,trinity.play2learn.backend.benefits.services.commons,BenefitGetStudentStateService,0,27,0,6,0,8,0,4,0,1
backend,trinity.play2learn.backend.benefits.services.commons,BenefitGetPurchasesLeftByStudentService,0,23,0,4,0,4,0,3,0,1
backend,trinity.play2learn.backend.benefits.services.commons,BenefitIsUseRequestedService,0,18,0,2,0,4,0,2,0,1
backend,trinity.play2learn.backend.benefits.services.commons,BenefitPurchaseGetByIdService,0,13,0,0,0,2,0,2,0,2
backend,trinity.play2learn.backend.benefits.services.commons,BenefitFilterByStudentStateService,0,10,0,0,0,1,0,1,0,1
backend,trinity.play2learn.backend.benefits.services.commons,BenefitValidatePurchaseLimitService,0,18,0,6,0,5,0,4,0,1
backend,trinity.play2learn.backend.benefits.services.commons,BenefitCreateStudentDtosService,0,38,0,2,0,8,0,2,0,1
backend,trinity.play2learn.backend.benefits.services.commons,BenefitIsPurchasedService,0,18,0,2,0,4,0,2,0,1
backend,trinity.play2learn.backend.profile.profile.services.commons,ProfileContainsAspectService,5,0,0,0,1,0,1,0,1,0
backend,trinity.play2learn.backend.profile.profile.services.commons,ProfileGetById,17,0,0,0,3,0,2,0,2,0
backend,trinity.play2learn.backend.admin.year.controllers,YearGetController,7,0,0,0,1,0,1,0,1,0
backend,trinity.play2learn.backend.admin.year.controllers,YearDeleteController,8,0,0,0,3,0,1,0,1,0
backend,trinity.play2learn.backend.admin.year.controllers,YearListPaginatedController,13,0,0,0,1,0,1,0,1,0
backend,trinity.play2learn.backend.admin.year.controllers,YearUpdateController,9,0,0,0,1,0,1,0,1,0
backend,trinity.play2learn.backend.admin.year.controllers,YearRegisterController,8,0,0,0,1,0,1,0,1,0
backend,trinity.play2learn.backend.admin.year.controllers,YearListController,6,0,0,0,1,0,1,0,1,0
backend,trinity.play2learn.backend.investment.stock.services,StockListHistoryService,0,11,0,0,0,2,0,1,0,1
backend,trinity.play2learn.backend.investment.stock.services,StockSellService,0,79,0,2,0,13,0,2,0,1
backend,trinity.play2learn.backend.investment.stock.services,StockBuyService,11,90,0,4,2,17,0,3,0,1
backend,trinity.play2learn.backend.investment.stock.services,StockListPaginatedService,0,62,3,9,0,10,3,4,0,1
backend,trinity.play2learn.backend.investment.stock.services,StockUpdateService,0,18,0,2,0,4,0,2,0,1
backend,trinity.play2learn.backend.investment.stock.services,StockRegisterService,0,20,0,0,0,3,0,1,0,1
backend,trinity.play2learn.backend.investment.stock.services,StockGetService,0,25,0,0,0,5,0,1,0,1
backend,trinity.play2learn.backend.investment.stock.services,CandleStickGetValuesService,0,95,0,8,0,23,0,6,0,2
backend,trinity.play2learn.backend.investment.stock.services,StockListService,0,5,0,0,0,2,0,1,0,1
backend,trinity.play2learn.backend.investment.stock.services,StockRegisterStopService,0,46,0,2,0,10,0,2,0,1
backend,trinity.play2learn.backend.investment.fixedTermDeposit.services,FixedTermDepositListPaginatedService,6,78,3,8,1,15,3,4,0,1
backend,trinity.play2learn.backend.investment.fixedTermDeposit.services,FixedTermDepositRegisterService,11,74,0,2,2,11,0,2,0,1
backend,trinity.play2learn.backend.investment.fixedTermDeposit.services,FixedTermDepositAutomaticEndsService,7,56,0,4,2,12,0,3,0,1
backend,trinity.play2learn.backend.admin.year.services,YearListService,0,7,0,0,0,2,0,1,0,1
backend,trinity.play2learn.backend.admin.year.services,YearRegisterService,0,24,0,2,0,6,0,2,0,1
backend,trinity.play2learn.backend.admin.year.services,YearDeleteService,0,48,0,4,0,15,0,3,0,1
backend,trinity.play2learn.backend.admin.year.services,YearListPaginatedService,0,62,3,9,0,10,3,4,0,1
backend,trinity.play2learn.backend.admin.year.services,YearGetService,0,6,0,0,0,1,0,1,0,1
backend,trinity.play2learn.backend.admin.year.services,YearUpdateService,0,22,0,0,0,4,0,1,0,1
backend,trinity.play2learn.backend.profile.profile.controllers,SelectAspectController,11,0,0,0,5,0,1,0,1,0
backend,trinity.play2learn.backend.profile.profile.controllers,UnselectAspectController,8,0,0,0,3,0,1,0,1,0
backend,trinity.play2learn.backend.profile.profile.controllers,AddAspectToInventoryController,11,0,0,0,5,0,1,0,1,0
backend,trinity.play2learn.backend.student.controllers,StudentGetConrtollerService,7,0,0,0,1,0,1,0,1,0
backend,trinity.play2learn.backend.admin.student.services.commons,StudentsExistByCourseService,0,15,0,2,0,5,0,2,0,1
backend,trinity.play2learn.backend.admin.student.services.commons,StudentGetByCourseService,0,5,0,0,0,1,0,1,0,1
backend,trinity.play2learn.backend.admin.student.services.commons,StudentGetByEmailService,0,15,0,0,0,2,0,2,0,2
backend,trinity.play2learn.backend.admin.student.services.commons,StudentGetByEmailBlockedService,16,0,0,0,3,0,2,0,2,0
backend,trinity.play2learn.backend.admin.student.services.commons,StudentGetByIdService,0,34,0,0,0,6,0,4,0,4
backend,trinity.play2learn.backend.admin.student.services.commons,StudentExistByDNIService,0,5,0,0,0,1,0,1,0,1
backend,trinity.play2learn.backend.admin.student.services.commons,StudentsGetByIdListService,0,11,0,0,0,4,0,1,0,1
backend,trinity.play2learn.backend.notification.services,NotificationDevGenerateByUserService,14,0,0,0,4,0,1,0,1,0
backend,trinity.play2learn.backend.notification.services,NotificationDeleteExpiredService,5,0,0,0,2,0,1,0,1,0
backend,trinity.play2learn.backend.notification.services,NotificationCheckActivityService,81,0,4,0,21,0,5,0,3,0
backend,trinity.play2learn.backend.notification.services,NotificationMarkAsReadService,25,0,2,0,5,0,2,0,1,0
backend,trinity.play2learn.backend.notification.services,NotificationGetByUserService,9,0,0,0,2,0,1,0,1,0
backend,trinity.play2learn.backend.activity.noLudica.controllers,NoLudicaGenerateController,0,9,0,0,0,3,0,1,0,1
backend,trinity.play2learn.backend.user.services.user,UserChangePasswordService,36,0,4,0,7,0,3,0,1,0
backend,trinity.play2learn.backend.user.services.user,UserService,24,0,2,0,6,0,3,0,2,0
backend,trinity.play2learn.backend.user.services.user,UserRestorePasswordService,40,0,0,0,8,0,2,0,2,0
backend,trinity.play2learn.backend.activity.memorama.services.commons,CouplesMemoramaGenerateService,54,0,6,0,10,0,5,0,2,0
backend,trinity.play2learn.backend.profile.profile.services,ProfileAddAspectToInventoryService,61,0,2,0,11,0,2,0,1,0
backend,trinity.play2learn.backend.profile.profile.services,ProfileUnselectAspectService,21,0,0,0,4,0,1,0,1,0
backend,trinity.play2learn.backend.profile.profile.services,ProfileUpdateLevelService,72,0,6,0,10,0,4,0,1,0
backend,trinity.play2learn.backend.profile.profile.services,ProfileSelectAspectService,36,0,2,0,7,0,2,0,1,0
backend,trinity.play2learn.backend.profile.profile.services,ProfileGenerateService,8,0,0,0,1,0,1,0,1,0
backend,trinity.play2learn.backend.investment.stock.services.commons,StockHistoryFindLastService,0,13,0,0,0,2,0,2,0,2
backend,trinity.play2learn.backend.investment.stock.services.commons,StockCalculateByWalletService,0,33,0,4,0,5,0,3,0,1
backend,trinity.play2learn.backend.investment.stock.services.commons,StockCalculateVariationService,0,94,0,2,0,10,0,2,0,1
backend,trinity.play2learn.backend.investment.stock.services.commons,StockFindAllService,0,4,0,0,0,1,0,1,0,1
backend,trinity.play2learn.backend.investment.stock.services.commons,StockFindByIdService,0,13,0,0,0,2,0,2,0,2
backend,trinity.play2learn.backend.investment.stock.services.commons,StockMoveService,0,56,0,4,0,12,0,4,0,2
backend,trinity.play2learn.backend.investment.stock.services.commons,StockUpdateSpecificService,0,46,0,0,0,7,0,1,0,1
backend,trinity.play2learn.backend.investment.stock.services.commons,OrderStopExecuteService,16,111,4,10,5,23,3,5,0,1
backend,trinity.play2learn.backend.investment.stock.services.commons,OrderFindPendingService,0,10,0,0,0,2,0,1,0,1
backend,trinity.play2learn.backend.investment.stock.services.commons,StockHistoryFindByStockAndRangeService,0,7,0,0,0,1,0,1,0,1
backend,trinity.play2learn.backend.investment.stock.services.commons,StockHistoryFindByStockService,0,5,0,0,0,1,0,1,0,1
backend,trinity.play2learn.backend.investment.stock.services.commons,StockCalculateAmountInvestedService,0,33,0,2,0,5,0,2,0,1
backend,trinity.play2learn.backend.investment.stock.services.commons,StockHistoryCalculateTrendService,0,17,0,2,0,4,0,2,0,1
backend,trinity.play2learn.backend.statistics.home.controllers,StatisticsHomeStudentController,7,0,0,0,3,0,1,0,1,0
backend,trinity.play2learn.backend.statistics.home.controllers,StatisticsHomeAdminController,6,0,0,0,3,0,1,0,1,0
backend,trinity.play2learn.backend.statistics.home.controllers,StatisticsHomeTeacherController,7,0,0,0,3,0,1,0,1,0
backend,trinity.play2learn.backend.admin.student.controllers,StudentDeleteController,0,8,0,0,0,3,0,1,0,1
backend,trinity.play2learn.backend.admin.student.controllers,StudentGetSubjectsController,7,0,0,0,3,0,1,0,1,0
backend,trinity.play2learn.backend.admin.student.controllers,StudentRegisterController,0,8,0,0,0,3,0,1,0,1
backend,trinity.play2learn.backend.admin.student.controllers,StudentListPaginatedController,0,13,0,0,0,3,0,1,0,1
backend,trinity.play2learn.backend.admin.student.controllers,StudentGetController,0,7,0,0,0,3,0,1,0,1
backend,trinity.play2learn.backend.admin.student.controllers,StudentListController,0,6,0,0,0,3,0,1,0,1
backend,trinity.play2learn.backend.admin.student.controllers,StudentUpdateController,0,9,0,0,0,3,0,1,0,1
backend,trinity.play2learn.backend.admin.student.controllers,StudentRestoreController,0,8,0,0,0,3,0,1,0,1
backend,trinity.play2learn.backend.profile.ranking.services,RankingByCoinsService,29,0,2,0,5,0,2,0,1,0
backend,trinity.play2learn.backend.profile.ranking.services,RankingByActivitiesService,30,0,2,0,5,0,2,0,1,0
backend,trinity.play2learn.backend.investment.fixedTermDeposit.controllers,FixedTermDepositRegisterController,9,0,0,0,3,0,1,0,1,0
backend,trinity.play2learn.backend.investment.fixedTermDeposit.controllers,FixedTermDepositListPaginatedController,14,0,0,0,3,0,1,0,1,0
backend,trinity.play2learn.backend.activity.activity.services.student,ActivityListPendingPaginatedService,95,0,12,0,18,0,8,0,2,0
backend,trinity.play2learn.backend.activity.activity.services.student,ActivityGetService,0,37,0,2,0,7,0,2,0,1
backend,trinity.play2learn.backend.activity.activity.services.student,ActivityStudentCountService,0,83,1,3,0,16,1,3,0,2
backend,trinity.play2learn.backend.activity.activity.services.student,ActivityGetStudentResultsService,27,0,0,0,5,0,1,0,1,0
backend,trinity.play2learn.backend.activity.activity.services.student,ActivityNoLudicaCompletedService,47,44,4,4,9,11,3,2,0,1
backend,trinity.play2learn.backend.activity.activity.services.student,ActivityApprovedListPaginatedService,45,67,10,4,5,17,7,2,1,1
backend,trinity.play2learn.backend.activity.activity.services.student,ActivityGetReviewService,31,0,2,0,6,0,2,0,1,0
backend,trinity.play2learn.backend.activity.activity.services.student,ActivityListNotApprovedByStudentService,0,23,0,0,0,4,0,1,0,1
backend,trinity.play2learn.backend.activity.activity.services.student,ActivityCompletedService,9,127,3,9,2,29,3,5,0,2
backend,trinity.play2learn.backend.activity.activity.services.student,ActivityListApprovedByStudentService,0,17,0,0,0,3,0,1,0,1
backend,trinity.play2learn.backend.activity.activity.services.student,ActivityNotApprovedListPaginatedService,20,106,6,10,2,22,6,4,1,1
backend,trinity.play2learn.backend.activity.activity.services.student,ActivityStartService,98,0,10,0,22,0,6,0,1,0
backend,trinity.play2learn.backend.user.controllers,UserRefreshTokenController,7,0,0,0,3,0,1,0,1,0
backend,trinity.play2learn.backend.user.controllers,UserLoginController,7,0,0,0,3,0,1,0,1,0
backend,trinity.play2learn.backend.user.controllers,UserSignUpController,18,0,0,0,6,0,2,0,2,0
backend,trinity.play2learn.backend.user.controllers,UserRestorePasswordController,18,0,0,0,4,0,2,0,2,0
backend,trinity.play2learn.backend.user.controllers,UserChangePasswordController,13,0,0,0,2,0,1,0,1,0
backend,trinity.play2learn.backend.activity.completarOracion.services,CompletarOracionGenerateService,0,68,0,2,0,14,0,3,0,2
backend,trinity.play2learn.backend.benefits.controllers,BenefitAcceptUseController,9,0,0,0,1,0,1,0,1,0
backend,trinity.play2learn.backend.benefits.controllers,BenefitListPurchasesController,8,0,0,0,1,0,1,0,1,0
backend,trinity.play2learn.backend.benefits.controllers,BenefitListPaginatedController,14,0,0,0,1,0,1,0,1,0
backend,trinity.play2learn.backend.benefits.controllers,BenefitListUseRequestedByTeacherController,7,0,0,0,1,0,1,0,1,0
backend,trinity.play2learn.backend.benefits.controllers,BenefitListPurchasesPaginatedController,15,0,0,0,3,0,1,0,1,0
backend,trinity.play2learn.backend.benefits.controllers,BenefitListByStudentPaginatedController,14,0,0,0,3,0,1,0,1,0
backend,trinity.play2learn.backend.benefits.controllers,BenefitListController,7,0,0,0,1,0,1,0,1,0
backend,trinity.play2learn.backend.benefits.controllers,BenefitDeleteController,8,0,0,0,2,0,1,0,1,0
backend,trinity.play2learn.backend.benefits.controllers,BenefitStudentCountController,7,0,0,0,1,0,1,0,1,0
backend,trinity.play2learn.backend.benefits.controllers,BenefitListUsedPaginatedController,14,0,0,0,3,0,1,0,1,0
backend,trinity.play2learn.backend.benefits.controllers,BenefitListUseRequestedPaginatedController,14,0,0,0,3,0,1,0,1,0
backend,trinity.play2learn.backend.benefits.controllers,BenefitGenerateController,9,0,0,0,1,0,1,0,1,0
backend,trinity.play2learn.backend.benefits.controllers,BenefitRequestUseController,9,0,0,0,1,0,1,0,1,0
backend,trinity.play2learn.backend.benefits.controllers,BenefitPurchaseController,9,0,0,0,1,0,1,0,1,0
backend,trinity.play2learn.backend.benefits.controllers,BenefitListUsedByStudentController,7,0,0,0,1,0,1,0,1,0
backend,trinity.play2learn.backend.activity.completarOracion.services.commons,CompletarOracionValidateWordsOrderService,50,0,8,0,9,0,6,0,2,0
backend,trinity.play2learn.backend.activity.completarOracion.services.commons,CompletarOracionValidateWordMissingService,21,0,4,0,3,0,4,0,2,0
backend,trinity.play2learn.backend.activity.memorama.controllers,MemoramaRegisterController,0,19,0,0,0,3,0,1,0,1
backend,trinity.play2learn.backend.admin.subject.services.commons,SubjectExistsByCourseService,15,0,2,0,5,0,2,0,1,0
backend,trinity.play2learn.backend.admin.subject.services.commons,SubjectGetByIdService,34,0,0,0,6,0,4,0,4,0
backend,trinity.play2learn.backend.admin.subject.services.commons,SubjectAddStudentByCourseService,19,0,0,0,4,0,2,0,2,0
backend,trinity.play2learn.backend.admin.subject.services.commons,SubjectExistsByService,16,0,2,0,5,0,2,0,1,0
backend,trinity.play2learn.backend.admin.subject.services.commons,SubjectExistsByNameAndCourseService,31,0,4,0,8,0,4,0,2,0
backend,trinity.play2learn.backend.admin.subject.services.commons,SubjectGetByStudentService,5,0,0,0,1,0,1,0,1,0
backend,trinity.play2learn.backend.admin.subject.services.commons,SubjectGetByTeacherService,5,0,0,0,1,0,1,0,1,0
backend,trinity.play2learn.backend.admin.subject.services.commons,SubjectHasStudentService,13,0,2,0,3,0,2,0,1,0
backend,trinity.play2learn.backend.activity.ahorcado.controllers,GenerateAhorcadoController,0,9,0,0,0,3,0,1,0,1
backend,trinity.play2learn.backend.activity.activity.services.commons.noLudica,NoLudicaValidationsService,28,0,10,0,6,0,7,0,2,0
backend,trinity.play2learn.backend.activity.activity.services.commons.noLudica,NoLudicaUploadFileService,40,0,4,0,11,0,3,0,1,0
backend,trinity.play2learn.backend.user.services.signUp,SignUpService,15,0,0,0,3,0,1,0,1,0
backend,trinity.play2learn.backend.activity.ordenarSecuencia.services.commons,EventsGenerateService,47,0,6,0,10,0,5,0,2,0
backend,trinity.play2learn.backend.activity.ordenarSecuencia.services.commons,ValidateEvents,71,0,14,0,17,0,9,0,2,0
backend,trinity.play2learn.backend.activity.memorama.services,MemoramaGenerateService,0,68,0,2,0,12,0,2,0,1
backend,trinity.play2learn.backend.admin.teacher.controllers,TeacherDeleteController,0,8,0,0,0,2,0,1,0,1
backend,trinity.play2learn.backend.admin.teacher.controllers,TeacherListPaginatedController,0,13,0,0,0,1,0,1,0,1
backend,trinity.play2learn.backend.admin.teacher.controllers,TeacherRegisterController,0,8,0,0,0,1,0,1,0,1
backend,trinity.play2learn.backend.admin.teacher.controllers,TeacherUpdateController,0,9,0,0,0,1,0,1,0,1
backend,trinity.play2learn.backend.admin.teacher.controllers,TeacherGetController,0,7,0,0,0,1,0,1,0,1
backend,trinity.play2learn.backend.admin.teacher.controllers,TeacherRestoreController,0,8,0,0,0,1,0,1,0,1
backend,trinity.play2learn.backend.admin.teacher.controllers,TeacherGetSubjectsController,7,0,0,0,1,0,1,0,1,0
backend,trinity.play2learn.backend.admin.teacher.controllers,TeacherListController,0,6,0,0,0,1,0,1,0,1
backend,trinity.play2learn.backend.admin.year.services.commons,YearGetByIdService,17,0,0,0,2,0,2,0,2,0
backend,trinity.play2learn.backend.admin.year.services.commons,YearExistService,0,24,0,2,0,6,0,4,0,3
backend,trinity.play2learn.backend.admin.subject.controllers,SubjectUpdateController,0,9,0,0,0,3,0,1,0,1
backend,trinity.play2learn.backend.admin.subject.controllers,SubjectListPaginatedController,0,13,0,0,0,3,0,1,0,1
backend,trinity.play2learn.backend.admin.subject.controllers,SubjectDeleteController,0,8,0,0,0,2,0,1,0,1
backend,trinity.play2learn.backend.admin.subject.controllers,SubjectRegisterController,0,8,0,0,0,3,0,1,0,1
backend,trinity.play2learn.backend.admin.subject.controllers,SubjectListAllStudentsController,7,0,0,0,3,0,1,0,1,0
backend,trinity.play2learn.backend.admin.subject.controllers,SubjectRestoreController,8,0,0,0,3,0,1,0,1,0
backend,trinity.play2learn.backend.admin.subject.controllers,SubjectListController,0,13,0,0,0,4,0,2,0,2
backend,trinity.play2learn.backend.admin.subject.controllers,SubjectRefillBalanceController,6,0,0,0,2,0,1,0,1,0
backend,trinity.play2learn.backend.admin.subject.controllers,SubjectAssignTeacherController,0,14,0,0,0,2,0,2,0,2
backend,trinity.play2learn.backend.admin.subject.controllers,SubjectRemoveStudentsController,8,0,0,0,2,0,1,0,1,0
backend,trinity.play2learn.backend.admin.subject.controllers,SubjectGetController,0,7,0,0,0,3,0,1,0,1
backend,trinity.play2learn.backend.admin.subject.controllers,SubjectAddStudentsController,8,0,0,0,2,0,1,0,1,0
backend,trinity.play2learn.backend.activity.ordenarSecuencia.services,OrdenarSecuenciaActivityGenerateService,0,67,0,2,0,12,0,2,0,1
backend,trinity.play2learn.backend.activity.activity.services.teacher,ActivityListByTeacherPaginatedService,31,48,8,4,4,10,5,2,0,1
backend,trinity.play2learn.backend.activity.activity.services.teacher,ActivityGetNoLudicaAttemptService,58,0,6,0,13,0,5,0,2,0
backend,trinity.play2learn.backend.activity.activity.services.teacher,ActivityCompletedListPendingService,50,0,0,0,10,0,2,0,2,0
backend,trinity.play2learn.backend.activity.activity.services.teacher,ActivityTeacherReviewNoLudicaService,63,0,6,0,14,0,4,0,1,0
backend,trinity.play2learn.backend.activity.activity.services.teacher,ActivityTeacherGetByIdService,109,0,2,0,13,0,2,0,1,0
backend,trinity.play2learn.backend.admin.subject.services,SubjectRegisterService,0,50,2,2,0,10,2,1,0,1
backend,trinity.play2learn.backend.admin.subject.services,SubjectListTeacherService,0,14,0,0,0,3,0,1,0,1
backend,trinity.play2learn.backend.admin.subject.services,SubjectRemoveBalanceService,0,25,0,2,0,4,0,2,0,1
backend,trinity.play2learn.backend.admin.subject.services,SubjectRefillBalanceService,0,73,0,6,0,11,0,5,0,2
backend,trinity.play2learn.backend.admin.subject.services,SubjectListService,0,5,0,0,0,1,0,1,0,1
backend,trinity.play2learn.backend.admin.subject.services,SubjectListAllStudentsService,63,0,6,0,14,0,4,0,1,0
backend,trinity.play2learn.backend.admin.subject.services,SubjectGetService,0,6,0,0,0,1,0,1,0,1
backend,trinity.play2learn.backend.admin.subject.services,SubjectAddBalanceService,0,29,0,2,0,5,0,2,0,1
backend,trinity.play2learn.backend.admin.subject.services,SubjectUnassignTeacherService,0,15,0,0,0,3,0,1,0,1
backend,trinity.play2learn.backend.admin.subject.services,SubjectAddStudentsService,0,38,0,4,0,7,0,3,0,1
backend,trinity.play2learn.backend.admin.subject.services,SubjectDeleteService,0,26,0,2,0,8,0,2,0,1
backend,trinity.play2learn.backend.admin.subject.services,SubjectRemoveStudentsService,0,20,0,0,0,4,0,1,0,1
backend,trinity.play2learn.backend.admin.subject.services,SubjectListPaginatedService,0,62,4,8,0,10,4,3,0,1
backend,trinity.play2learn.backend.admin.subject.services,SubjectUpdateService,0,49,1,1,0,9,1,1,0,1
backend,trinity.play2learn.backend.admin.subject.services,SubjectRefillBalanceCronService,0,5,0,0,0,2,0,1,0,1
backend,trinity.play2learn.backend.admin.subject.services,SubjectAssignTeacherService,0,22,0,0,0,4,0,1,0,1
backend,trinity.play2learn.backend.admin.subject.services,SubjectRestoreService,0,14,0,0,0,3,0,1,0,1
backend,trinity.play2learn.backend.admin.course.services,CourseGetService,0,6,0,0,0,1,0,1,0,1
backend,trinity.play2learn.backend.admin.course.services,CourseListPaginatedService,0,62,2,10,0,10,2,5,0,1
backend,trinity.play2learn.backend.admin.course.services,CourseDeleteService,0,22,0,0,0,6,0,1,0,1
backend,trinity.play2learn.backend.admin.course.services,CourseListService,0,7,0,0,0,2,0,1,0,1
backend,trinity.play2learn.backend.admin.course.services,CourseRegisterService,0,30,0,2,0,6,0,2,0,1
backend,trinity.play2learn.backend.admin.course.services,CourseUpdateService,0,24,0,0,0,3,0,1,0,1
backend,trinity.play2learn.backend.activity.activity.services.strategyCalculateReward,Poisson,89,0,4,0,16,0,4,0,2,0
backend,trinity.play2learn.backend.activity.activity.services.strategyCalculateReward,Equitativo,11,0,0,0,1,0,1,0,1,0
backend,trinity.play2learn.backend.activity.activity.services.commons.count,ActivityCountCompletedService,6,0,0,0,1,0,1,0,1,0
backend,trinity.play2learn.backend.activity.activity.services.commons.count,ActivityCountByActivityAndState,6,0,0,0,1,0,1,0,1,0
backend,trinity.play2learn.backend.activity.activity.services.commons.count,ActivityCountByStudent,35,0,0,0,6,0,2,0,2,0
backend,trinity.play2learn.backend.user.services.user.commons,UserGeyByEmailService,13,0,0,0,2,0,2,0,2,0
backend,trinity.play2learn.backend.user.services.user.commons,UserCreateService,29,0,2,0,6,0,2,0,1,0
backend,trinity.play2learn.backend.user.services.user.commons,UserFindByIdService,13,0,0,0,1,0,2,0,2,0
backend,trinity.play2learn.backend.user.services.user.commons,UserValidateEqualsPasswordService,6,0,0,0,1,0,1,0,1,0
backend,trinity.play2learn.backend.user.services.user.commons,UserExistsService,5,0,0,0,1,0,1,0,1,0
backend,trinity.play2learn.backend.user.services.user.commons,UserExistsByEmailService,11,0,2,0,3,0,2,0,1,0
